Arguments: 
  /opt/homebrew/Cellar/node/19.6.1/bin/node /opt/homebrew/Cellar/yarn/1.22.19/libexec/bin/yarn.js add -D react react-dom typescript

PATH: 
  /opt/homebrew/opt/sqlite/bin:/opt/homebrew/bin:/opt/homebrew/sbin:/usr/local/bin:/System/Cryptexes/App/usr/bin:/usr/bin:/bin:/usr/sbin:/sbin:/usr/local/share/dotnet:~/.dotnet/tools:/Library/Frameworks/Mono.framework/Versions/Current/Commands

Yarn version: 
  1.22.19

Node version: 
  19.6.1

Platform: 
  darwin arm64

Trace: 
  Error: https://registry.yarnpkg.com/oodts: Not found
      at params.callback [as _callback] (/opt/homebrew/Cellar/yarn/1.22.19/libexec/lib/cli.js:66145:18)
      at self.callback (/opt/homebrew/Cellar/yarn/1.22.19/libexec/lib/cli.js:140890:22)
      at Request.emit (node:events:512:28)
      at Request.<anonymous> (/opt/homebrew/Cellar/yarn/1.22.19/libexec/lib/cli.js:141862:10)
      at Request.emit (node:events:512:28)
      at IncomingMessage.<anonymous> (/opt/homebrew/Cellar/yarn/1.22.19/libexec/lib/cli.js:141784:12)
      at Object.onceWrapper (node:events:626:28)
      at IncomingMessage.emit (node:events:524:35)
      at endReadableNT (node:internal/streams/readable:1359:12)
      at process.processTicksAndRejections (node:internal/process/task_queues:82:21)

npm manifest: 
  {
    "name": "oodreactts",
    "version": "0.1.0",
    "description": "",
    "main": "dist/index.js",
    "dependencies": {
      "oodts": "^0.1.0"
    },
    "devDependencies": {},
    "scripts": {
      "test": "echo \"Error: no test specified\" && exit 1"
    },
    "repository": {
      "type": "git",
      "url": "git+https://github.com/outoforbitdev/oodreactts.git"
    },
    "author": "",
    "license": "ISC",
    "bugs": {
      "url": "https://github.com/outoforbitdev/oodreactts/issues"
    },
    "homepage": "https://github.com/outoforbitdev/oodreactts#readme"
  }

yarn manifest: 
  No manifest

Lockfile: 
  No lockfile
